<?xml version="1.0" encoding="UTF-8"?>
<testsuite xmlns:xsi="http://www.w3.org/2001/XMLSchema-instance" xsi:noNamespaceSchemaLocation="https://maven.apache.org/surefire/maven-surefire-plugin/xsd/surefire-test-report-3.0.xsd" version="3.0" name="examples.ExamplesTest" time="5.419" tests="1" errors="0" skipped="0" failures="0">
  <properties>
[...]
</properties>
  <testcase name="testParallel" classname="examples.ExamplesTest" time="5.398">
    <system-out><![CDATA[03:55:11.297 [main] DEBUG com.intuit.karate.Suite - [config] classpath:karate-config.js
03:55:11.304 [main] INFO  com.intuit.karate.Suite - backed up existing 'target\karate-reports' dir to: target\karate-reports_1770972911300
03:55:11.309 [main] DEBUG com.intuit.karate.Suite - waiting for 5 features to complete
03:55:12.565 [pool-2-thread-1] INFO  com.intuit.karate - karate.env system property was: null 
03:55:12.565 [pool-2-thread-2] INFO  com.intuit.karate - karate.env system property was: null 
03:55:12.565 [pool-2-thread-5] INFO  com.intuit.karate - karate.env system property was: null 
03:55:12.565 [pool-2-thread-4] INFO  com.intuit.karate - karate.env system property was: null 
03:55:12.565 [pool-2-thread-3] INFO  com.intuit.karate - karate.env system property was: null 
03:55:12.662 [pool-2-thread-4] INFO  c.intuit.karate.core.FeatureRuntime - classpath:examples/petstore/updateMascota/updateMascota.feature - call by tag at line 6: updateMascota
03:55:12.662 [pool-2-thread-3] INFO  c.intuit.karate.core.FeatureRuntime - classpath:examples/petstore/updateMascota/updateMascota.feature - call by tag at line 6: updateMascota
03:55:12.662 [pool-2-thread-1] INFO  c.intuit.karate.core.FeatureRuntime - classpath:examples/petstore/addMascota/addMascota.feature - call by tag at line 6: addMascota
03:55:12.666 [pool-2-thread-5] INFO  c.intuit.karate.core.FeatureRuntime - classpath:examples/petstore/addMascota/addMascota.feature - call by tag at line 6: addMascota
03:55:12.679 [pool-2-thread-3] INFO  c.intuit.karate.core.FeatureRuntime - classpath:examples/petstore/addMascota/addMascota.feature - call by tag at line 6: addMascota
03:55:12.688 [pool-2-thread-4] INFO  c.intuit.karate.core.FeatureRuntime - classpath:examples/petstore/addMascota/addMascota.feature - call by tag at line 6: addMascota
03:55:13.077 [pool-2-thread-4] DEBUG com.intuit.karate - request:
1 > POST https://petstore.swagger.io/v2/pet
1 > Content-Type: application/json; charset=UTF-8
1 > Content-Length: 167
1 > Host: petstore.swagger.io
1 > Connection: Keep-Alive
1 > User-Agent: Apache-HttpClient/4.5.14 (Java/17.0.12)
1 > Accept-Encoding: gzip,deflate
{"id":162,"category":{"id":1,"name":"Perros"},"name":"Firulais","photoUrls":["https:\/\/foto.com\/perro.jpg"],"tags":[{"id":1,"name":"vacunado"}],"status":"available"}

03:55:13.077 [pool-2-thread-3] DEBUG com.intuit.karate - request:
1 > POST https://petstore.swagger.io/v2/pet
1 > Content-Type: application/json; charset=UTF-8
1 > Content-Length: 167
1 > Host: petstore.swagger.io
1 > Connection: Keep-Alive
1 > User-Agent: Apache-HttpClient/4.5.14 (Java/17.0.12)
1 > Accept-Encoding: gzip,deflate
{"id":558,"category":{"id":1,"name":"Perros"},"name":"Firulais","photoUrls":["https:\/\/foto.com\/perro.jpg"],"tags":[{"id":1,"name":"vacunado"}],"status":"available"}

03:55:13.077 [pool-2-thread-2] DEBUG com.intuit.karate - request:
1 > POST https://petstore.swagger.io/v2/pet
1 > Content-Type: application/json; charset=UTF-8
1 > Content-Length: 167
1 > Host: petstore.swagger.io
1 > Connection: Keep-Alive
1 > User-Agent: Apache-HttpClient/4.5.14 (Java/17.0.12)
1 > Accept-Encoding: gzip,deflate
{"id":820,"category":{"id":1,"name":"Perros"},"name":"Firulais","photoUrls":["https:\/\/foto.com\/perro.jpg"],"tags":[{"id":1,"name":"vacunado"}],"status":"available"}

03:55:13.077 [pool-2-thread-1] DEBUG com.intuit.karate - request:
1 > POST https://petstore.swagger.io/v2/pet
1 > Content-Type: application/json; charset=UTF-8
1 > Content-Length: 167
1 > Host: petstore.swagger.io
1 > Connection: Keep-Alive
1 > User-Agent: Apache-HttpClient/4.5.14 (Java/17.0.12)
1 > Accept-Encoding: gzip,deflate
{"id":598,"category":{"id":1,"name":"Perros"},"name":"Firulais","photoUrls":["https:\/\/foto.com\/perro.jpg"],"tags":[{"id":1,"name":"vacunado"}],"status":"available"}

03:55:13.077 [pool-2-thread-5] DEBUG com.intuit.karate - request:
1 > POST https://petstore.swagger.io/v2/pet
1 > Content-Type: application/json; charset=UTF-8
1 > Content-Length: 167
1 > Host: petstore.swagger.io
1 > Connection: Keep-Alive
1 > User-Agent: Apache-HttpClient/4.5.14 (Java/17.0.12)
1 > Accept-Encoding: gzip,deflate
{"id":934,"category":{"id":1,"name":"Perros"},"name":"Firulais","photoUrls":["https:\/\/foto.com\/perro.jpg"],"tags":[{"id":1,"name":"vacunado"}],"status":"available"}

03:55:13.803 [pool-2-thread-2] DEBUG com.intuit.karate - response time in milliseconds: 722
1 < 200
1 < Date: Fri, 13 Feb 2026 08:55:03 GMT
1 < Content-Type: application/json
1 < Transfer-Encoding: chunked
1 < Connection: keep-alive
1 < Access-Control-Allow-Origin: *
1 < Access-Control-Allow-Methods: GET, POST, DELETE, PUT
1 < Access-Control-Allow-Headers: Content-Type, api_key, Authorization
1 < Server: Jetty(9.2.9.v20150224)
{"id":820,"category":{"id":1,"name":"Perros"},"name":"Firulais","photoUrls":["https://foto.com/perro.jpg"],"tags":[{"id":1,"name":"vacunado"}],"status":"available"}

03:55:13.804 [pool-2-thread-4] DEBUG com.intuit.karate - response time in milliseconds: 723
1 < 200
1 < Date: Fri, 13 Feb 2026 08:55:03 GMT
1 < Content-Type: application/json
1 < Transfer-Encoding: chunked
1 < Connection: keep-alive
1 < Access-Control-Allow-Origin: *
1 < Access-Control-Allow-Methods: GET, POST, DELETE, PUT
1 < Access-Control-Allow-Headers: Content-Type, api_key, Authorization
1 < Server: Jetty(9.2.9.v20150224)
{"id":162,"category":{"id":1,"name":"Perros"},"name":"Firulais","photoUrls":["https://foto.com/perro.jpg"],"tags":[{"id":1,"name":"vacunado"}],"status":"available"}

03:55:13.804 [pool-2-thread-3] DEBUG com.intuit.karate - response time in milliseconds: 725
1 < 200
1 < Date: Fri, 13 Feb 2026 08:55:03 GMT
1 < Content-Type: application/json
1 < Transfer-Encoding: chunked
1 < Connection: keep-alive
1 < Access-Control-Allow-Origin: *
1 < Access-Control-Allow-Methods: GET, POST, DELETE, PUT
1 < Access-Control-Allow-Headers: Content-Type, api_key, Authorization
1 < Server: Jetty(9.2.9.v20150224)
{"id":558,"category":{"id":1,"name":"Perros"},"name":"Firulais","photoUrls":["https://foto.com/perro.jpg"],"tags":[{"id":1,"name":"vacunado"}],"status":"available"}

03:55:13.804 [pool-2-thread-1] DEBUG com.intuit.karate - response time in milliseconds: 722
1 < 200
1 < Date: Fri, 13 Feb 2026 08:55:03 GMT
1 < Content-Type: application/json
1 < Transfer-Encoding: chunked
1 < Connection: keep-alive
1 < Access-Control-Allow-Origin: *
1 < Access-Control-Allow-Methods: GET, POST, DELETE, PUT
1 < Access-Control-Allow-Headers: Content-Type, api_key, Authorization
1 < Server: Jetty(9.2.9.v20150224)
{"id":598,"category":{"id":1,"name":"Perros"},"name":"Firulais","photoUrls":["https://foto.com/perro.jpg"],"tags":[{"id":1,"name":"vacunado"}],"status":"available"}

03:55:13.806 [pool-2-thread-5] DEBUG com.intuit.karate - response time in milliseconds: 727
1 < 200
1 < Date: Fri, 13 Feb 2026 08:55:03 GMT
1 < Content-Type: application/json
1 < Transfer-Encoding: chunked
1 < Connection: keep-alive
1 < Access-Control-Allow-Origin: *
1 < Access-Control-Allow-Methods: GET, POST, DELETE, PUT
1 < Access-Control-Allow-Headers: Content-Type, api_key, Authorization
1 < Server: Jetty(9.2.9.v20150224)
{"id":934,"category":{"id":1,"name":"Perros"},"name":"Firulais","photoUrls":["https://foto.com/perro.jpg"],"tags":[{"id":1,"name":"vacunado"}],"status":"available"}

03:55:13.853 [pool-2-thread-3] DEBUG com.intuit.karate - request:
1 > PUT https://petstore.swagger.io/v2/pet
1 > Content-Type: application/json; charset=UTF-8
1 > Content-Length: 170
1 > Host: petstore.swagger.io
1 > Connection: Keep-Alive
1 > User-Agent: Apache-HttpClient/4.5.14 (Java/17.0.12)
1 > Accept-Encoding: gzip,deflate
{"id":558,"category":{"id":1,"name":"Perros"},"name":"Firulais Updated","photoUrls":["https:\/\/foto.com\/perro.jpg"],"tags":[{"id":1,"name":"vacunado"}],"status":"sold"}

03:55:13.853 [pool-2-thread-5] DEBUG com.intuit.karate - request:
1 > PUT https://petstore.swagger.io/v2/pet
1 > Content-Type: application/json; charset=UTF-8
1 > Content-Length: 170
1 > Host: petstore.swagger.io
1 > Connection: Keep-Alive
1 > User-Agent: Apache-HttpClient/4.5.14 (Java/17.0.12)
1 > Accept-Encoding: gzip,deflate
{"id":934,"category":{"id":1,"name":"Perros"},"name":"Firulais Updated","photoUrls":["https:\/\/foto.com\/perro.jpg"],"tags":[{"id":1,"name":"vacunado"}],"status":"sold"}

03:55:13.853 [pool-2-thread-4] DEBUG com.intuit.karate - request:
1 > PUT https://petstore.swagger.io/v2/pet
1 > Content-Type: application/json; charset=UTF-8
1 > Content-Length: 170
1 > Host: petstore.swagger.io
1 > Connection: Keep-Alive
1 > User-Agent: Apache-HttpClient/4.5.14 (Java/17.0.12)
1 > Accept-Encoding: gzip,deflate
{"id":162,"category":{"id":1,"name":"Perros"},"name":"Firulais Updated","photoUrls":["https:\/\/foto.com\/perro.jpg"],"tags":[{"id":1,"name":"vacunado"}],"status":"sold"}

03:55:13.859 [pool-2-thread-1] DEBUG com.intuit.karate - request:
1 > GET https://petstore.swagger.io/v2/pet/598
1 > Host: petstore.swagger.io
1 > Connection: Keep-Alive
1 > User-Agent: Apache-HttpClient/4.5.14 (Java/17.0.12)
1 > Accept-Encoding: gzip,deflate


03:55:14.261 [pool-2-thread-5] DEBUG com.intuit.karate - response time in milliseconds: 408
1 < 200
1 < Date: Fri, 13 Feb 2026 08:55:03 GMT
1 < Content-Type: application/json
1 < Transfer-Encoding: chunked
1 < Connection: keep-alive
1 < Access-Control-Allow-Origin: *
1 < Access-Control-Allow-Methods: GET, POST, DELETE, PUT
1 < Access-Control-Allow-Headers: Content-Type, api_key, Authorization
1 < Server: Jetty(9.2.9.v20150224)
{"id":934,"category":{"id":1,"name":"Perros"},"name":"Firulais Updated","photoUrls":["https://foto.com/perro.jpg"],"tags":[{"id":1,"name":"vacunado"}],"status":"sold"}

03:55:14.277 [pool-2-thread-3] DEBUG com.intuit.karate - response time in milliseconds: 424
1 < 200
1 < Date: Fri, 13 Feb 2026 08:55:03 GMT
1 < Content-Type: application/json
1 < Transfer-Encoding: chunked
1 < Connection: keep-alive
1 < Access-Control-Allow-Origin: *
1 < Access-Control-Allow-Methods: GET, POST, DELETE, PUT
1 < Access-Control-Allow-Headers: Content-Type, api_key, Authorization
1 < Server: Jetty(9.2.9.v20150224)
{"id":558,"category":{"id":1,"name":"Perros"},"name":"Firulais Updated","photoUrls":["https://foto.com/perro.jpg"],"tags":[{"id":1,"name":"vacunado"}],"status":"sold"}

03:55:14.277 [pool-2-thread-1] DEBUG com.intuit.karate - response time in milliseconds: 418
1 < 200
1 < Date: Fri, 13 Feb 2026 08:55:03 GMT
1 < Content-Type: application/json
1 < Transfer-Encoding: chunked
1 < Connection: keep-alive
1 < Access-Control-Allow-Origin: *
1 < Access-Control-Allow-Methods: GET, POST, DELETE, PUT
1 < Access-Control-Allow-Headers: Content-Type, api_key, Authorization
1 < Server: Jetty(9.2.9.v20150224)
{"id":598,"category":{"id":1,"name":"Perros"},"name":"Firulais","photoUrls":["https://foto.com/perro.jpg"],"tags":[{"id":1,"name":"vacunado"}],"status":"available"}

03:55:14.284 [pool-2-thread-3] DEBUG com.intuit.karate - request:
1 > GET https://petstore.swagger.io/v2/pet/558
1 > Host: petstore.swagger.io
1 > Connection: Keep-Alive
1 > User-Agent: Apache-HttpClient/4.5.14 (Java/17.0.12)
1 > Accept-Encoding: gzip,deflate


03:55:14.287 [pool-2-thread-4] DEBUG com.intuit.karate - response time in milliseconds: 432
1 < 200
1 < Date: Fri, 13 Feb 2026 08:55:03 GMT
1 < Content-Type: application/json
1 < Transfer-Encoding: chunked
1 < Connection: keep-alive
1 < Access-Control-Allow-Origin: *
1 < Access-Control-Allow-Methods: GET, POST, DELETE, PUT
1 < Access-Control-Allow-Headers: Content-Type, api_key, Authorization
1 < Server: Jetty(9.2.9.v20150224)
{"id":162,"category":{"id":1,"name":"Perros"},"name":"Firulais Updated","photoUrls":["https://foto.com/perro.jpg"],"tags":[{"id":1,"name":"vacunado"}],"status":"sold"}

03:55:14.297 [pool-2-thread-4] DEBUG com.intuit.karate - request:
1 > GET https://petstore.swagger.io/v2/pet/findByStatus?status=sold
1 > Host: petstore.swagger.io
1 > Connection: Keep-Alive
1 > User-Agent: Apache-HttpClient/4.5.14 (Java/17.0.12)
1 > Accept-Encoding: gzip,deflate


03:55:14.697 [pool-2-thread-4] DEBUG com.intuit.karate - response time in milliseconds: 399
1 < 200
1 < Date: Fri, 13 Feb 2026 08:55:04 GMT
1 < Content-Type: application/json
1 < Transfer-Encoding: chunked
1 < Connection: keep-alive
1 < Access-Control-Allow-Origin: *
1 < Access-Control-Allow-Methods: GET, POST, DELETE, PUT
1 < Access-Control-Allow-Headers: Content-Type, api_key, Authorization
1 < Server: Jetty(9.2.9.v20150224)
[{"id":9223372016900017489,"category":{"id":0,"name":"string"},"name":"cat","photoUrls":["string"],"tags":[{"id":0,"name":"string"}],"status":"sold"},{"id":12084391,"category":{"id":-48583,"name":"cupidatat amet commodo"},"name":"doggie","photoUrls":["fugiat Ut eu","exercitation nostr"],"tags":[{"id":-27183415,"name":"e"},{"id":86979382,"name":"in anim consectetur Lorem ut"}],"status":"sold"},{"id":98515,"name":"Update_98515","photoUrls":[],"tags":[],"status":"sold"},{"id":3514,"category":{"id":1059,"name":"string"},"name":"doggie","photoUrls":["string","string"],"tags":[{"id":2115,"name":"string"},{"id":5224,"name":"string"}],"status":"sold"},{"id":9,"category":{"id":0,"name":"cats"},"name":"King Kong","photoUrls":["string"],"tags":[{"id":0,"name":"string"}],"status":"sold"},{"id":1770971153658,"category":{"id":1,"name":"Perros"},"name":"Firulais Updated","photoUrls":["https://foto.com/perro.jpg"],"tags":[{"id":1,"name":"vacunado"}],"status":"sold"},{"id":7776,"category":{"id":4355,"name":"string"},"name":"doggie","photoUrls":["string","string"],"tags":[{"id":436,"name":"string"},{"id":4297,"name":"string"}],"status":"sold"},{"id":1205,"category":{"id":8453,"name":"string"},"name":"doggie","photoUrls":["string","string"],"tags":[{"id":9384,"name":"string"},{"id":3003,"name":"string"}],"status":"sold"},{"id":1770971444350,"category":{"id":1,"name":"Perros"},"name":"Firulais Updated","photoUrls":["https://foto.com/perro.jpg"],"tags":[{"id":1,"name":"vacunado"}],"status":"sold"},{"id":1770971502605,"category":{"id":1,"name":"Perros"},"name":"Firulais Updated","photoUrls":["https://foto.com/perro.jpg"],"tags":[{"id":1,"name":"vacunado"}],"status":"sold"},{"id":64300,"name":"UpdatedName","photoUrls":[],"tags":[],"status":"sold"},{"id":1770971898716,"category":{"id":1,"name":"Perros"},"name":"Firulais Updated","photoUrls":["https://foto.com/perro.jpg"],"tags":[{"id":1,"name":"vacunado"}],"status":"sold"},{"id":1770971898745,"category":{"id":1,"name":"Perros"},"name":"Firulais Updated","photoUrls":["https://foto.com/perro.jpg"],"tags":[{"id":1,"name":"vacunado"}],"status":"sold"},{"id":1770971951734,"category":{"id":1,"name":"Perros"},"name":"Firulais Updated","photoUrls":["https://foto.com/perro.jpg"],"tags":[{"id":1,"name":"vacunado"}],"status":"sold"},{"id":1770971951725,"category":{"id":1,"name":"Perros"},"name":"Firulais Updated","photoUrls":["https://foto.com/perro.jpg"],"tags":[{"id":1,"name":"vacunado"}],"status":"sold"},{"id":13,"category":{"id":0,"name":"cats"},"photoUrls":["string"],"tags":[{"id":0,"name":"string"}],"status":"sold"},{"id":215622,"category":{"id":5,"name":"Cats"},"name":"TestPet_245","photoUrls":["https://example.com/photo_6.jpg"],"tags":[{"id":1,"name":"tag_5"}],"status":"sold"},{"id":800613,"category":{"id":9,"name":"Fish"},"name":"TestPet_581","photoUrls":["https://example.com/photo_9.jpg"],"tags":[{"id":5,"name":"tag_2"}],"status":"sold"},{"id":529674,"category":{"id":7,"name":"Birds"},"name":"UpdatedPetName","photoUrls":["https://example.com/photo_10.jpg"],"tags":[{"id":1,"name":"tag_1"}],"status":"sold"},{"id":1770972178,"category":{"id":1,"name":"Perros"},"name":"Firulais Updated","photoUrls":["https://foto.com/perro.jpg"],"tags":[{"id":1,"name":"vacunado"}],"status":"sold"},{"id":1770972233371,"name":"NewDog","photoUrls":[],"status":"sold"},{"id":1770972372110,"category":{"id":1,"name":"Perros"},"name":"Firulais Updated","photoUrls":["https://foto.com/perro.jpg"],"tags":[{"id":1,"name":"vacunado"}],"status":"sold"},{"id":1770972372098,"category":{"id":1,"name":"Perros"},"name":"Firulais Updated","photoUrls":["https://foto.com/perro.jpg"],"tags":[{"id":1,"name":"vacunado"}],"status":"sold"},{"id":1770972428248,"name":"NewDog","photoUrls":[],"status":"sold"},{"id":549,"category":{"id":1,"name":"Perros"},"name":"Firulais Updated","photoUrls":["https://foto.com/perro.jpg"],"tags":[{"id":1,"name":"vacunado"}],"status":"sold"},{"id":536,"category":{"id":1,"name":"Perros"},"name":"Firulais Updated","photoUrls":["https://foto.com/perro.jpg"],"tags":[{"id":1,"name":"vacunado"}],"status":"sold"},{"id":550,"category":{"id":1,"name":"Perros"},"name":"Firulais Updated","photoUrls":["https://foto.com/perro.jpg"],"tags":[{"id":1,"name":"vacunado"}],"status":"sold"},{"id":769115,"category":{"id":1,"name":"Dogs"},"name":"UpdatedDog-769115","photoUrls":["https://example.com/photo1.jpg"],"tags":[{"id":1,"name":"test-tag"}],"status":"sold"},{"id":555,"category":{"id":1,"name":"Perros"},"name":"Firulais Updated","photoUrls":["https://foto.com/perro.jpg"],"tags":[{"id":1,"name":"vacunado"}],"status":"sold"},{"id":100,"category":{"id":1,"name":"Perros"},"name":"Firulais Updated","photoUrls":["https://foto.com/perro.jpg"],"tags":[{"id":1,"name":"vacunado"}],"status":"sold"},{"id":912,"category":{"id":1,"name":"Perros"},"name":"Firulais Updated","photoUrls":["https://foto.com/perro.jpg"],"tags":[{"id":1,"name":"vacunado"}],"status":"sold"},{"id":558,"category":{"id":1,"name":"Perros"},"name":"Firulais Updated","photoUrls":["https://foto.com/perro.jpg"],"tags":[{"id":1,"name":"vacunado"}],"status":"sold"},{"id":934,"category":{"id":1,"name":"Perros"},"name":"Firulais Updated","photoUrls":["https://foto.com/perro.jpg"],"tags":[{"id":1,"name":"vacunado"}],"status":"sold"},{"id":162,"category":{"id":1,"name":"Perros"},"name":"Firulais Updated","photoUrls":["https://foto.com/perro.jpg"],"tags":[{"id":1,"name":"vacunado"}],"status":"sold"}]

03:55:14.704 [pool-2-thread-3] DEBUG com.intuit.karate - response time in milliseconds: 419
1 < 200
1 < Date: Fri, 13 Feb 2026 08:55:04 GMT
1 < Content-Type: application/json
1 < Transfer-Encoding: chunked
1 < Connection: keep-alive
1 < Access-Control-Allow-Origin: *
1 < Access-Control-Allow-Methods: GET, POST, DELETE, PUT
1 < Access-Control-Allow-Headers: Content-Type, api_key, Authorization
1 < Server: Jetty(9.2.9.v20150224)
{"id":558,"category":{"id":1,"name":"Perros"},"name":"Firulais Updated","photoUrls":["https://foto.com/perro.jpg"],"tags":[{"id":1,"name":"vacunado"}],"status":"sold"}

---------------------------------------------------------
feature: classpath:examples/petstore/user.feature
scenarios:  1 | passed:  1 | failed:  0 | time: 1,6278
---------------------------------------------------------

03:55:14.963 [pool-3-thread-1] INFO  com.intuit.karate.Suite - <<pass>> feature 1 of 5 (4 remaining) classpath:examples/petstore/user.feature
---------------------------------------------------------
feature: classpath:examples/petstore/addMascota/addMascota.feature
scenarios:  1 | passed:  1 | failed:  0 | time: 1,1861
---------------------------------------------------------

03:55:15.062 [pool-3-thread-1] INFO  com.intuit.karate.Suite - <<pass>> feature 2 of 5 (3 remaining) classpath:examples/petstore/addMascota/addMascota.feature
---------------------------------------------------------
feature: classpath:examples/petstore/constuMascota/constuMascota.feature
scenarios:  1 | passed:  1 | failed:  0 | time: 2,0562
---------------------------------------------------------

03:55:15.277 [pool-3-thread-1] INFO  com.intuit.karate.Suite - <<pass>> feature 3 of 5 (2 remaining) classpath:examples/petstore/constuMascota/constuMascota.feature
---------------------------------------------------------
feature: classpath:examples/petstore/getMascotaStatus/getMascotaStatus.feature
scenarios:  1 | passed:  1 | failed:  0 | time: 2,0527
---------------------------------------------------------

03:55:15.390 [pool-3-thread-1] INFO  com.intuit.karate.Suite - <<pass>> feature 4 of 5 (1 remaining) classpath:examples/petstore/getMascotaStatus/getMascotaStatus.feature
---------------------------------------------------------
feature: classpath:examples/petstore/updateMascota/updateMascota.feature
scenarios:  1 | passed:  1 | failed:  0 | time: 1,6160
---------------------------------------------------------

03:55:15.474 [pool-3-thread-1] INFO  com.intuit.karate.Suite - <<pass>> feature 5 of 5 (0 remaining) classpath:examples/petstore/updateMascota/updateMascota.feature
Karate version: 1.5.0
======================================================
elapsed:   4,85 | threads:    5 | thread time: 8,54 
features:     5 | skipped:    0 | efficiency: 0,35
scenarios:    5 | passed:     5 | failed: 0
======================================================

HTML report: (paste into browser to view) | Karate version: 1.5.0
file:///J:/Workspace/BANCOPICHINCHA/karatePrueba/target/karate-reports/karate-summary.html
===================================================================

]]></system-out>
  </testcase>
</testsuite>